<?xml version="1.0" encoding="UTF-8"?>
<Site BuildName="(empty)"
	BuildStamp="20250322-1554-Experimental"
	Name="(empty)"
	Generator="ctest-3.30.5-msvc23"
	CompilerName=""
	CompilerVersion=""
	OSName="Windows"
	Hostname="Ahmed-Windows"
	OSRelease=" Professional"
	OSVersion=" (Build 26100)"
	OSPlatform="AMD64"
	Is64Bits="1"
	VendorString="GenuineIntel"
	VendorID="Intel Corporation"
	FamilyID="6"
	ModelID="7"
	ProcessorCacheSize="-1"
	NumberOfLogicalCPU="28"
	NumberOfPhysicalCPU="20"
	TotalVirtualMemory="34629"
	TotalPhysicalMemory="32581"
	LogicalProcessorsPerPhysical="1"
	ProcessorClockFrequency="3417"
	>
	<Testing>
		<StartDateTime>Mar 22 18:00 Egypt Standard Time</StartDateTime>
		<StartTestTime>1742659217</StartTestTime>
		<TestList/>
		<EndDateTime>Mar 22 18:00 Egypt Standard Time</EndDateTime>
		<EndTestTime>1742659217</EndTestTime>
		<ElapsedMinutes>0</ElapsedMinutes>
	</Testing>
</Site>
